[17:14:00] [main/INFO] (FabricLoader/GameProvider) Loading Minecraft 1.21.8 with Fabric Loader 0.16.5
[17:14:00] [main/DEBUG] (FabricLoader/GamePatch) Found game constructor: net.minecraft.client.main.Main -> net.minecraft.client.Minecraft
[17:14:00] [main/DEBUG] (FabricLoader/GamePatch) Patching game constructor <init>(Lnet/minecraft/client/main/GameConfig;)V
[17:14:00] [main/DEBUG] (FabricLoader/GamePatch) Run directory field is thought to be net/minecraft/client/Minecraft/gameDirectory
[17:14:00] [main/DEBUG] (FabricLoader/GamePatch) Applying brand name hook to net/minecraft/client/ClientBrandRetriever::getClientModName
[17:14:00] [main/DEBUG] (FabricLoader/GamePatch) Applying brand name hook to net/minecraft/server/MinecraftServer::getServerModName
[17:14:00] [main/DEBUG] (FabricLoader/Mappings) Loading mappings took 78 ms
[17:14:00] [main/DEBUG] (FabricLoader/GamePatch) Patched 3 classs
[17:14:00] [main/DEBUG] (FabricLoader/Discovery) Skipping missing class path group entry C:\Users\Bratu\IdeaProjects\BFUFOIS\out\production\BFUFOIS.main
[17:14:00] [main/DEBUG] (FabricLoader/Discovery) Skipping missing class path group entry C:\Users\Bratu\IdeaProjects\BFUFOIS\out\production\classes
[17:14:00] [main/DEBUG] (FabricLoader/Discovery) Skipping missing class path group entry C:\Users\Bratu\IdeaProjects\BFUFOIS\out\production\resources
[17:14:00] [main/DEBUG] (FabricLoader/Discovery) Skipping missing class path group entry C:\Users\Bratu\IdeaProjects\BFUFOIS\out\production\BFUFOIS.client
[17:14:00] [main/DEBUG] (FabricLoader/Discovery) Skipping missing class path group entry C:\Users\Bratu\IdeaProjects\BFUFOIS\out\client\classes
[17:14:00] [main/DEBUG] (FabricLoader/Discovery) Skipping missing class path group entry C:\Users\Bratu\IdeaProjects\BFUFOIS\out\client\resources
[17:14:00] [main/DEBUG] (FabricLoader/Discovery) Mod discovery time: 17,0 ms
[17:14:00] [main/DEBUG] (FabricLoader/Resolution) Mod resolution time: 54,4 ms
[17:14:00] [main/INFO] (FabricLoader) Loading 5 mods:
	- bfufois 1.0-1.21.8
	- fabricloader 0.16.5
	- java 21
	- minecraft 1.21.8
	- mixinextras 0.4.1
[17:14:00] [main/DEBUG] (FabricLoader/Knot) Adding C:\Users\Bratu\.gradle\caches\modules-2\files-2.1\io.github.llamalad7\mixinextras-fabric\0.4.1\8d1a9e96afb990367fa1f904d17580d164da72e3\mixinextras-fabric-0.4.1.jar to classpath.
[17:14:00] [main/DEBUG] (FabricLoader/Knot) Adding C:\Users\Bratu\IdeaProjects\BFUFOIS\build\classes\java\main to classpath.
[17:14:00] [main/DEBUG] (FabricLoader/Knot) Adding C:\Users\Bratu\IdeaProjects\BFUFOIS\build\resources\main to classpath.
[17:14:00] [main/DEBUG] (FabricLoader/Knot) Adding C:\Users\Bratu\IdeaProjects\BFUFOIS\build\classes\java\client to classpath.
[17:14:00] [main/DEBUG] (FabricLoader/Knot) Adding C:\Users\Bratu\IdeaProjects\BFUFOIS\build\resources\client to classpath.
[17:14:00] [main/DEBUG] (FabricLoader/Entrypoint) Registering new-style initializer org.molodoyss.bfufois.client.BfufoisClient for mod bfufois (key client)
[17:14:00] [main/DEBUG] (FabricLoader/Entrypoint) Registering new-style initializer org.molodoyss.bfufois.Bfufois for mod bfufois (key main)
[17:14:00] [main/INFO] (FabricLoader/Mixin) SpongePowered MIXIN Subsystem Version=0.8.7 Source=file:/C:/Users/Bratu/.gradle/caches/modules-2/files-2.1/net.fabricmc/sponge-mixin/0.15.3+mixin.0.8.7/51ee0a44ab05f6fddd66b09e66b3a16904f9c55d/sponge-mixin-0.15.3+mixin.0.8.7.jar Service=Knot/Fabric Env=CLIENT
[17:14:00] [main/DEBUG] (FabricLoader/Mixin) Initialising Mixin Platform Manager
[17:14:00] [main/DEBUG] (FabricLoader/Mixin) Adding mixin platform agents for container ContainerHandleURI(file:///C:/Users/Bratu/.gradle/caches/modules-2/files-2.1/net.fabricmc/fabric-loader/0.16.5/fc45b2f400c08c023cdbe75c9b0aebe7a2b61579/fabric-loader-0.16.5.jar)
[17:14:00] [main/DEBUG] (FabricLoader/Mixin) Instancing new MixinPlatformAgentDefault for ContainerHandleURI(file:///C:/Users/Bratu/.gradle/caches/modules-2/files-2.1/net.fabricmc/fabric-loader/0.16.5/fc45b2f400c08c023cdbe75c9b0aebe7a2b61579/fabric-loader-0.16.5.jar)
[17:14:00] [main/DEBUG] (FabricLoader/Mixin) MixinPlatformAgentDefault accepted container ContainerHandleURI(file:///C:/Users/Bratu/.gradle/caches/modules-2/files-2.1/net.fabricmc/fabric-loader/0.16.5/fc45b2f400c08c023cdbe75c9b0aebe7a2b61579/fabric-loader-0.16.5.jar)
[17:14:00] [main/DEBUG] (FabricLoader/Mixin) Instancing new MixinPlatformAgentDefault for ContainerHandleURI(file:///C:/Users/Bratu/.gradle/caches/modules-2/files-2.1/net.fabricmc/fabric-loader/0.16.5/fc45b2f400c08c023cdbe75c9b0aebe7a2b61579/fabric-loader-0.16.5.jar)
[17:14:00] [main/DEBUG] (FabricLoader/Mixin) MixinPlatformAgentDefault accepted container ContainerHandleURI(file:///C:/Users/Bratu/.gradle/caches/modules-2/files-2.1/net.fabricmc/fabric-loader/0.16.5/fc45b2f400c08c023cdbe75c9b0aebe7a2b61579/fabric-loader-0.16.5.jar)
[17:14:00] [main/DEBUG] (FabricLoader/Mixin) Processing prepare() for PlatformAgent[MixinPlatformAgentDefault:ContainerHandleURI(file:///C:/Users/Bratu/.gradle/caches/modules-2/files-2.1/net.fabricmc/fabric-loader/0.16.5/fc45b2f400c08c023cdbe75c9b0aebe7a2b61579/fabric-loader-0.16.5.jar)]
[17:14:00] [main/DEBUG] (FabricLoader/Mixin) Processing prepare() for PlatformAgent[MixinPlatformAgentDefault:ContainerHandleURI(file:///C:/Users/Bratu/.gradle/caches/modules-2/files-2.1/net.fabricmc/fabric-loader/0.16.5/fc45b2f400c08c023cdbe75c9b0aebe7a2b61579/fabric-loader-0.16.5.jar)]
[17:14:01] [main/INFO] (FabricLoader/Mixin) Loaded Fabric development mappings for mixin remapper!
[17:14:01] [main/DEBUG] (FabricLoader/Mixin) Compatibility level JAVA_21 specified by bfufois.mixins.json is higher than the maximum level supported by this version of mixin (JAVA_13).
[17:14:01] [main/INFO] (FabricLoader/Mixin) Compatibility level set to JAVA_21
[17:14:01] [main/DEBUG] (FabricLoader/Knot) Adding C:\Users\Bratu\.gradle\caches\fabric-loom\minecraftMaven\net\minecraft\minecraft-clientonly\1.21.8-loom.mappings.1_21_8.layered+hash.2198-v2\minecraft-clientonly-1.21.8-loom.mappings.1_21_8.layered+hash.2198-v2.jar to classpath.
[17:14:01] [main/DEBUG] (FabricLoader/Knot) Adding C:\Users\Bratu\.gradle\caches\fabric-loom\minecraftMaven\net\minecraft\minecraft-common\1.21.8-loom.mappings.1_21_8.layered+hash.2198-v2\minecraft-common-1.21.8-loom.mappings.1_21_8.layered+hash.2198-v2.jar to classpath.
[17:14:01] [main/DEBUG] (FabricLoader/Knot) Adding C:\Users\Bratu\IdeaProjects\BFUFOIS\build\classes\java\client to classpath.
[17:14:01] [main/DEBUG] (FabricLoader/Knot) Adding C:\Users\Bratu\IdeaProjects\BFUFOIS\build\resources\client to classpath.
[17:14:01] [main/DEBUG] (FabricLoader/Knot) Adding C:\Users\Bratu\.gradle\caches\fabric-loom\1.21.8\loom.mappings.1_21_8.layered+hash.2198-v2\mappings.jar to classpath.
[17:14:01] [main/DEBUG] (FabricLoader/Knot) Adding C:\Users\Bratu\.gradle\caches\modules-2\files-2.1\io.github.llamalad7\mixinextras-fabric\0.4.1\8d1a9e96afb990367fa1f904d17580d164da72e3\mixinextras-fabric-0.4.1.jar to classpath.
[17:14:01] [main/DEBUG] (FabricLoader/Knot) Adding C:\Users\Bratu\.gradle\caches\modules-2\files-2.1\net.fabricmc\dev-launch-injector\0.2.1+build.8\da8bef7e6e2f952da707f282bdb46882a0fce5e3\dev-launch-injector-0.2.1+build.8.jar to classpath.
[17:14:01] [main/DEBUG] (FabricLoader/Knot) Adding C:\Users\Bratu\.gradle\caches\modules-2\files-2.1\com.fasterxml.jackson.core\jackson-annotations\2.13.4\858c6cc78e1f08a885b1613e1d817c829df70a6e\jackson-annotations-2.13.4.jar to classpath.
[17:14:01] [main/DEBUG] (FabricLoader/Knot) Adding C:\Users\Bratu\.gradle\caches\modules-2\files-2.1\com.fasterxml.jackson.core\jackson-core\2.13.4\cf934c681294b97ef6d80082faeefbe1edadf56\jackson-core-2.13.4.jar to classpath.
[17:14:01] [main/DEBUG] (FabricLoader/Knot) Adding C:\Users\Bratu\.gradle\caches\modules-2\files-2.1\com.fasterxml.jackson.core\jackson-databind\2.13.4.2\325c06bdfeb628cfb80ebaaf1a26cc1eb558a585\jackson-databind-2.13.4.2.jar to classpath.
[17:14:01] [main/DEBUG] (FabricLoader/Knot) Adding C:\Users\Bratu\.gradle\caches\modules-2\files-2.1\com.github.oshi\oshi-core\6.6.5\e1099981fd15dc4236c4499d82aba1276fb43a9a\oshi-core-6.6.5.jar to classpath.
[17:14:01] [main/DEBUG] (FabricLoader/Knot) Adding C:\Users\Bratu\.gradle\caches\modules-2\files-2.1\com.github.stephenc.jcip\jcip-annotations\1.0-1\ef31541dd28ae2cefdd17c7ebf352d93e9058c63\jcip-annotations-1.0-1.jar to classpath.
[17:14:01] [main/DEBUG] (FabricLoader/Knot) Adding C:\Users\Bratu\.gradle\caches\modules-2\files-2.1\com.google.guava\failureaccess\1.0.2\c4a06a64e650562f30b7bf9aaec1bfed43aca12b\failureaccess-1.0.2.jar to classpath.
[17:14:01] [main/DEBUG] (FabricLoader/Knot) Adding C:\Users\Bratu\.gradle\caches\modules-2\files-2.1\com.google.guava\guava\33.3.1-jre\852f8b363da0111e819460021ca693cacca3e8db\guava-33.3.1-jre.jar to classpath.
[17:14:01] [main/DEBUG] (FabricLoader/Knot) Adding C:\Users\Bratu\.gradle\caches\modules-2\files-2.1\com.ibm.icu\icu4j\76.1\215f3a8e936d4069344bd75f2b1368fd58112894\icu4j-76.1.jar to classpath.
[17:14:01] [main/DEBUG] (FabricLoader/Knot) Adding C:\Users\Bratu\.gradle\caches\modules-2\files-2.1\com.microsoft.azure\msal4j\1.17.2\a6211e3d71d0388929babaa0ff0951b30d001852\msal4j-1.17.2.jar to classpath.
[17:14:01] [main/DEBUG] (FabricLoader/Knot) Adding C:\Users\Bratu\.gradle\caches\modules-2\files-2.1\com.mojang\blocklist\1.0.10\5c685c5ffa94c4cd39496c7184c1d122e515ecef\blocklist-1.0.10.jar to classpath.
[17:14:01] [main/DEBUG] (FabricLoader/Knot) Adding C:\Users\Bratu\.gradle\caches\modules-2\files-2.1\com.mojang\brigadier\1.3.10\d15b53a14cf20fdcaa98f731af5dda654452c010\brigadier-1.3.10.jar to classpath.
[17:14:01] [main/DEBUG] (FabricLoader/Knot) Adding C:\Users\Bratu\.gradle\caches\modules-2\files-2.1\com.mojang\datafixerupper\8.0.16\67d4de6d7f95d89bcf5862995fb854ebaec02a34\datafixerupper-8.0.16.jar to classpath.
[17:14:01] [main/DEBUG] (FabricLoader/Knot) Adding C:\Users\Bratu\.gradle\caches\modules-2\files-2.1\com.mojang\jtracy\1.0.29\6f07dcb6a2e595c7ee2ca43b67e5d1c018ca0770\jtracy-1.0.29.jar to classpath.
[17:14:01] [main/DEBUG] (FabricLoader/Knot) Adding C:\Users\Bratu\.gradle\caches\modules-2\files-2.1\com.mojang\jtracy\1.0.29\e05332cb31c7ae582dc8d8bd1bffd47c2ff7636f\jtracy-1.0.29-natives-windows.jar to classpath.
[17:14:01] [main/DEBUG] (FabricLoader/Knot) Adding C:\Users\Bratu\.gradle\caches\modules-2\files-2.1\com.mojang\patchy\2.2.10\da05971b07cbb379d002cf7eaec6a2048211fefc\patchy-2.2.10.jar to classpath.
[17:14:01] [main/DEBUG] (FabricLoader/Knot) Adding C:\Users\Bratu\.gradle\caches\modules-2\files-2.1\com.mojang\text2speech\1.18.11\e853a12cdd6ba4f4836e8f4bf3b37844a13482b6\text2speech-1.18.11.jar to classpath.
[17:14:01] [main/DEBUG] (FabricLoader/Knot) Adding C:\Users\Bratu\.gradle\caches\modules-2\files-2.1\com.nimbusds\content-type\2.3\e3aa0be212d7a42839a8f3f506f5b990bcce0222\content-type-2.3.jar to classpath.
[17:14:01] [main/DEBUG] (FabricLoader/Knot) Adding C:\Users\Bratu\.gradle\caches\modules-2\files-2.1\com.nimbusds\lang-tag\1.7\97c73ecd70bc7e8eefb26c5eea84f251a63f1031\lang-tag-1.7.jar to classpath.
[17:14:01] [main/DEBUG] (FabricLoader/Knot) Adding C:\Users\Bratu\.gradle\caches\modules-2\files-2.1\com.nimbusds\nimbus-jose-jwt\9.40\42b1dfa0360e4062951b070bac52dd8d96fd7b38\nimbus-jose-jwt-9.40.jar to classpath.
[17:14:01] [main/DEBUG] (FabricLoader/Knot) Adding C:\Users\Bratu\.gradle\caches\modules-2\files-2.1\com.nimbusds\oauth2-oidc-sdk\11.18\7c7ec4f4066625ff07a711ad856fa04da1ff9de\oauth2-oidc-sdk-11.18.jar to classpath.
[17:14:01] [main/DEBUG] (FabricLoader/Knot) Adding C:\Users\Bratu\.gradle\caches\modules-2\files-2.1\commons-codec\commons-codec\1.17.1\973638b7149d333563584137ebf13a691bb60579\commons-codec-1.17.1.jar to classpath.
[17:14:01] [main/DEBUG] (FabricLoader/Knot) Adding C:\Users\Bratu\.gradle\caches\modules-2\files-2.1\commons-io\commons-io\2.17.0\ddcc8433eb019fb48fe25207c0278143f3e1d7e2\commons-io-2.17.0.jar to classpath.
[17:14:01] [main/DEBUG] (FabricLoader/Knot) Adding C:\Users\Bratu\.gradle\caches\modules-2\files-2.1\commons-logging\commons-logging\1.3.4\b9fc14968d63a8b8a8a2c1885fe3e90564239708\commons-logging-1.3.4.jar to classpath.
[17:14:01] [main/DEBUG] (FabricLoader/Knot) Adding C:\Users\Bratu\.gradle\caches\modules-2\files-2.1\io.netty\netty-buffer\4.1.118.Final\7022990af1e0d449f9d5322035899745e19735c5\netty-buffer-4.1.118.Final.jar to classpath.
[17:14:01] [main/DEBUG] (FabricLoader/Knot) Adding C:\Users\Bratu\.gradle\caches\modules-2\files-2.1\io.netty\netty-codec\4.1.118.Final\307f665c08ce57333121de4f460479fc0c3c94d4\netty-codec-4.1.118.Final.jar to classpath.
[17:14:01] [main/DEBUG] (FabricLoader/Knot) Adding C:\Users\Bratu\.gradle\caches\modules-2\files-2.1\io.netty\netty-common\4.1.118.Final\4bb0f9899146484fa89f7b9bc27389d5b8e2ecde\netty-common-4.1.118.Final.jar to classpath.
[17:14:01] [main/DEBUG] (FabricLoader/Knot) Adding C:\Users\Bratu\.gradle\caches\modules-2\files-2.1\io.netty\netty-handler\4.1.118.Final\30ebb05b6b0fb071dbfcf713017c4a767a97bb9b\netty-handler-4.1.118.Final.jar to classpath.
[17:14:01] [main/DEBUG] (FabricLoader/Knot) Adding C:\Users\Bratu\.gradle\caches\modules-2\files-2.1\io.netty\netty-resolver\4.1.118.Final\28c378c19c1779eca1104b400452627f3ebc4aea\netty-resolver-4.1.118.Final.jar to classpath.
[17:14:01] [main/DEBUG] (FabricLoader/Knot) Adding C:\Users\Bratu\.gradle\caches\modules-2\files-2.1\io.netty\netty-transport-classes-epoll\4.1.118.Final\376ce95507066f0e755d97c1c8bcd6c33f657617\netty-transport-classes-epoll-4.1.118.Final.jar to classpath.
[17:14:01] [main/DEBUG] (FabricLoader/Knot) Adding C:\Users\Bratu\.gradle\caches\modules-2\files-2.1\io.netty\netty-transport-native-unix-common\4.1.118.Final\9da25a94e6a0edac90da0bc7894e5a54efcb866b\netty-transport-native-unix-common-4.1.118.Final.jar to classpath.
[17:14:01] [main/DEBUG] (FabricLoader/Knot) Adding C:\Users\Bratu\.gradle\caches\modules-2\files-2.1\io.netty\netty-transport\4.1.118.Final\5a27232e5d08218722d94ca14f0b1b4576e7711c\netty-transport-4.1.118.Final.jar to classpath.
[17:14:01] [main/DEBUG] (FabricLoader/Knot) Adding C:\Users\Bratu\.gradle\caches\modules-2\files-2.1\it.unimi.dsi\fastutil\8.5.15\1e885b40c9563ab0d3899b871fd0b30e958705dc\fastutil-8.5.15.jar to classpath.
[17:14:01] [main/DEBUG] (FabricLoader/Knot) Adding C:\Users\Bratu\.gradle\caches\modules-2\files-2.1\net.java.dev.jna\jna-platform\5.15.0\86b502cad57d45da172b5e3231c537b042e296ef\jna-platform-5.15.0.jar to classpath.
[17:14:01] [main/DEBUG] (FabricLoader/Knot) Adding C:\Users\Bratu\.gradle\caches\modules-2\files-2.1\net.java.dev.jna\jna\5.15.0\1ee1d80ff44f08280188f7c0e740d57207841ac\jna-5.15.0.jar to classpath.
[17:14:01] [main/DEBUG] (FabricLoader/Knot) Adding C:\Users\Bratu\.gradle\caches\modules-2\files-2.1\net.minidev\accessors-smart\2.5.1\19b820261eb2e7de7d5bde11d1c06e4501dd7e5f\accessors-smart-2.5.1.jar to classpath.
[17:14:01] [main/DEBUG] (FabricLoader/Knot) Adding C:\Users\Bratu\.gradle\caches\modules-2\files-2.1\net.minidev\json-smart\2.5.1\4c11d2808d009132dfbbf947ebf37de6bf266c8e\json-smart-2.5.1.jar to classpath.
[17:14:01] [main/DEBUG] (FabricLoader/Knot) Adding C:\Users\Bratu\.gradle\caches\modules-2\files-2.1\net.sf.jopt-simple\jopt-simple\5.0.4\4fdac2fbe92dfad86aa6e9301736f6b4342a3f5c\jopt-simple-5.0.4.jar to classpath.
[17:14:01] [main/DEBUG] (FabricLoader/Knot) Adding C:\Users\Bratu\.gradle\caches\modules-2\files-2.1\org.apache.commons\commons-compress\1.27.1\a19151084758e2fbb6b41eddaa88e7b8ff4e6599\commons-compress-1.27.1.jar to classpath.
[17:14:01] [main/DEBUG] (FabricLoader/Knot) Adding C:\Users\Bratu\.gradle\caches\modules-2\files-2.1\org.apache.commons\commons-lang3\3.17.0\b17d2136f0460dcc0d2016ceefca8723bdf4ee70\commons-lang3-3.17.0.jar to classpath.
[17:14:01] [main/DEBUG] (FabricLoader/Knot) Adding C:\Users\Bratu\.gradle\caches\modules-2\files-2.1\org.apache.httpcomponents\httpclient\4.5.14\1194890e6f56ec29177673f2f12d0b8e627dec98\httpclient-4.5.14.jar to classpath.
[17:14:01] [main/DEBUG] (FabricLoader/Knot) Adding C:\Users\Bratu\.gradle\caches\modules-2\files-2.1\org.apache.httpcomponents\httpcore\4.4.16\51cf043c87253c9f58b539c9f7e44c8894223850\httpcore-4.4.16.jar to classpath.
[17:14:01] [main/DEBUG] (FabricLoader/Knot) Adding C:\Users\Bratu\.gradle\caches\modules-2\files-2.1\org.jcraft\jorbis\0.0.17\8872d22b293e8f5d7d56ff92be966e6dc28ebdc6\jorbis-0.0.17.jar to classpath.
[17:14:01] [main/DEBUG] (FabricLoader/Knot) Adding C:\Users\Bratu\.gradle\caches\modules-2\files-2.1\org.joml\joml\1.10.8\fc0a71dad90a2cf41d82a76156a0e700af8e4f8d\joml-1.10.8.jar to classpath.
[17:14:01] [main/DEBUG] (FabricLoader/Knot) Adding C:\Users\Bratu\.gradle\caches\modules-2\files-2.1\org.lwjgl\lwjgl-freetype\3.3.3\a0db6c84a8becc8ca05f9dbfa985edc348a824c7\lwjgl-freetype-3.3.3.jar to classpath.
[17:14:01] [main/DEBUG] (FabricLoader/Knot) Adding C:\Users\Bratu\.gradle\caches\modules-2\files-2.1\org.lwjgl\lwjgl-freetype\3.3.3\81091b006dbb43fab04c8c638e9ac87c51b4096d\lwjgl-freetype-3.3.3-natives-windows.jar to classpath.
[17:14:01] [main/DEBUG] (FabricLoader/Knot) Adding C:\Users\Bratu\.gradle\caches\modules-2\files-2.1\org.lwjgl\lwjgl-freetype\3.3.3\82028265a0a2ff33523ca75137ada7dc176e5210\lwjgl-freetype-3.3.3-natives-windows-arm64.jar to classpath.
[17:14:01] [main/DEBUG] (FabricLoader/Knot) Adding C:\Users\Bratu\.gradle\caches\modules-2\files-2.1\org.lwjgl\lwjgl-freetype\3.3.3\15a8c1de7f51d07a92eae7ce1222557073a0c0c3\lwjgl-freetype-3.3.3-natives-windows-x86.jar to classpath.
[17:14:01] [main/DEBUG] (FabricLoader/Knot) Adding C:\Users\Bratu\.gradle\caches\modules-2\files-2.1\org.lwjgl\lwjgl-glfw\3.3.3\efa1eb78c5ccd840e9f329717109b5e892d72f8e\lwjgl-glfw-3.3.3.jar to classpath.
[17:14:01] [main/DEBUG] (FabricLoader/Knot) Adding C:\Users\Bratu\.gradle\caches\modules-2\files-2.1\org.lwjgl\lwjgl-glfw\3.3.3\e449e28b4891fc423c54c85fbc5bb0b9efece67a\lwjgl-glfw-3.3.3-natives-windows.jar to classpath.
[17:14:01] [main/DEBUG] (FabricLoader/Knot) Adding C:\Users\Bratu\.gradle\caches\modules-2\files-2.1\org.lwjgl\lwjgl-glfw\3.3.3\f27018dc74f6289574502b46cce55d52817554e2\lwjgl-glfw-3.3.3-natives-windows-arm64.jar to classpath.
[17:14:01] [main/DEBUG] (FabricLoader/Knot) Adding C:\Users\Bratu\.gradle\caches\modules-2\files-2.1\org.lwjgl\lwjgl-glfw\3.3.3\32334f3fd5270a59bad9939a93115acb6de36dcf\lwjgl-glfw-3.3.3-natives-windows-x86.jar to classpath.
[17:14:01] [main/DEBUG] (FabricLoader/Knot) Adding C:\Users\Bratu\.gradle\caches\modules-2\files-2.1\org.lwjgl\lwjgl-jemalloc\3.3.3\b543467b7ff3c6920539a88ee602d34098628be5\lwjgl-jemalloc-3.3.3.jar to classpath.
[17:14:01] [main/DEBUG] (FabricLoader/Knot) Adding C:\Users\Bratu\.gradle\caches\modules-2\files-2.1\org.lwjgl\lwjgl-jemalloc\3.3.3\426222fc027602a5f21b9c0fe79cde6a4c7a011f\lwjgl-jemalloc-3.3.3-natives-windows.jar to classpath.
[17:14:01] [main/DEBUG] (FabricLoader/Knot) Adding C:\Users\Bratu\.gradle\caches\modules-2\files-2.1\org.lwjgl\lwjgl-jemalloc\3.3.3\ba1f3fed0ee4be0217eaa41c5bbfb4b9b1383c33\lwjgl-jemalloc-3.3.3-natives-windows-arm64.jar to classpath.
[17:14:01] [main/DEBUG] (FabricLoader/Knot) Adding C:\Users\Bratu\.gradle\caches\modules-2\files-2.1\org.lwjgl\lwjgl-jemalloc\3.3.3\f6063b6e0f23be483c5c88d84ce51b39dc69126c\lwjgl-jemalloc-3.3.3-natives-windows-x86.jar to classpath.
[17:14:01] [main/DEBUG] (FabricLoader/Knot) Adding C:\Users\Bratu\.gradle\caches\modules-2\files-2.1\org.lwjgl\lwjgl-openal\3.3.3\daada81ceb5fc0c291fbfdd4433cb8d9423577f2\lwjgl-openal-3.3.3.jar to classpath.
[17:14:01] [main/DEBUG] (FabricLoader/Knot) Adding C:\Users\Bratu\.gradle\caches\modules-2\files-2.1\org.lwjgl\lwjgl-openal\3.3.3\cf83862ae95d98496b26915024c7e666d8ab1c8f\lwjgl-openal-3.3.3-natives-windows.jar to classpath.
[17:14:01] [main/DEBUG] (FabricLoader/Knot) Adding C:\Users\Bratu\.gradle\caches\modules-2\files-2.1\org.lwjgl\lwjgl-openal\3.3.3\8e0615235116b9e4160dfe87bec90f5f6378bf72\lwjgl-openal-3.3.3-natives-windows-arm64.jar to classpath.
[17:14:01] [main/DEBUG] (FabricLoader/Knot) Adding C:\Users\Bratu\.gradle\caches\modules-2\files-2.1\org.lwjgl\lwjgl-openal\3.3.3\87b8d5050e3adb46bb58fe1cb2669a4a48fce10d\lwjgl-openal-3.3.3-natives-windows-x86.jar to classpath.
[17:14:01] [main/DEBUG] (FabricLoader/Knot) Adding C:\Users\Bratu\.gradle\caches\modules-2\files-2.1\org.lwjgl\lwjgl-opengl\3.3.3\2f6b0147078396a58979125a4c947664e98293a\lwjgl-opengl-3.3.3.jar to classpath.
[17:14:01] [main/DEBUG] (FabricLoader/Knot) Adding C:\Users\Bratu\.gradle\caches\modules-2\files-2.1\org.lwjgl\lwjgl-opengl\3.3.3\e6c1eec8be8a71951b830a4d69efc01c6531900c\lwjgl-opengl-3.3.3-natives-windows.jar to classpath.
[17:14:01] [main/DEBUG] (FabricLoader/Knot) Adding C:\Users\Bratu\.gradle\caches\modules-2\files-2.1\org.lwjgl\lwjgl-opengl\3.3.3\65e956d3735a1abdc82eff4baec1b61174697d4b\lwjgl-opengl-3.3.3-natives-windows-arm64.jar to classpath.
[17:14:01] [main/DEBUG] (FabricLoader/Knot) Adding C:\Users\Bratu\.gradle\caches\modules-2\files-2.1\org.lwjgl\lwjgl-opengl\3.3.3\d32d833dcaa2f355a886eaf21f0408b5f03241d\lwjgl-opengl-3.3.3-natives-windows-x86.jar to classpath.
[17:14:01] [main/DEBUG] (FabricLoader/Knot) Adding C:\Users\Bratu\.gradle\caches\modules-2\files-2.1\org.lwjgl\lwjgl-stb\3.3.3\25dd6161988d7e65f71d5065c99902402ee32746\lwjgl-stb-3.3.3.jar to classpath.
[17:14:01] [main/DEBUG] (FabricLoader/Knot) Adding C:\Users\Bratu\.gradle\caches\modules-2\files-2.1\org.lwjgl\lwjgl-stb\3.3.3\1d9facdf6541de114b0f963be33505b7679c78cb\lwjgl-stb-3.3.3-natives-windows.jar to classpath.
[17:14:01] [main/DEBUG] (FabricLoader/Knot) Adding C:\Users\Bratu\.gradle\caches\modules-2\files-2.1\org.lwjgl\lwjgl-stb\3.3.3\a584ab44de569708871f0a79561f4d8c37487f2c\lwjgl-stb-3.3.3-natives-windows-arm64.jar to classpath.
[17:14:01] [main/DEBUG] (FabricLoader/Knot) Adding C:\Users\Bratu\.gradle\caches\modules-2\files-2.1\org.lwjgl\lwjgl-stb\3.3.3\b5c874687b9aac1a936501d4ed2c49567fd1b575\lwjgl-stb-3.3.3-natives-windows-x86.jar to classpath.
[17:14:01] [main/DEBUG] (FabricLoader/Knot) Adding C:\Users\Bratu\.gradle\caches\modules-2\files-2.1\org.lwjgl\lwjgl-tinyfd\3.3.3\82d755ca94b102e9ca77283b9e2dc46d1b15fbe5\lwjgl-tinyfd-3.3.3.jar to classpath.
[17:14:01] [main/DEBUG] (FabricLoader/Knot) Adding C:\Users\Bratu\.gradle\caches\modules-2\files-2.1\org.lwjgl\lwjgl-tinyfd\3.3.3\a6697981b0449a5087c1d546fc08b4f73e8f98c9\lwjgl-tinyfd-3.3.3-natives-windows.jar to classpath.
[17:14:01] [main/DEBUG] (FabricLoader/Knot) Adding C:\Users\Bratu\.gradle\caches\modules-2\files-2.1\org.lwjgl\lwjgl-tinyfd\3.3.3\a88c494f3006eb91a7433b12a3a55a9a6c20788b\lwjgl-tinyfd-3.3.3-natives-windows-arm64.jar to classpath.
[17:14:01] [main/DEBUG] (FabricLoader/Knot) Adding C:\Users\Bratu\.gradle\caches\modules-2\files-2.1\org.lwjgl\lwjgl-tinyfd\3.3.3\c336c84ee88cccb495c6ffa112395509e7378e8a\lwjgl-tinyfd-3.3.3-natives-windows-x86.jar to classpath.
[17:14:01] [main/DEBUG] (FabricLoader/Knot) Adding C:\Users\Bratu\.gradle\caches\modules-2\files-2.1\org.lwjgl\lwjgl\3.3.3\29589b5f87ed335a6c7e7ee6a5775f81f97ecb84\lwjgl-3.3.3.jar to classpath.
[17:14:01] [main/DEBUG] (FabricLoader/Knot) Adding C:\Users\Bratu\.gradle\caches\modules-2\files-2.1\org.lwjgl\lwjgl\3.3.3\a5ed18a2b82fc91b81f40d717cb1f64c9dcb0540\lwjgl-3.3.3-natives-windows.jar to classpath.
[17:14:01] [main/DEBUG] (FabricLoader/Knot) Adding C:\Users\Bratu\.gradle\caches\modules-2\files-2.1\org.lwjgl\lwjgl\3.3.3\e9aca8c5479b520a2a7f0d542a118140e812c5e8\lwjgl-3.3.3-natives-windows-arm64.jar to classpath.
[17:14:01] [main/DEBUG] (FabricLoader/Knot) Adding C:\Users\Bratu\.gradle\caches\modules-2\files-2.1\org.lwjgl\lwjgl\3.3.3\9e670718e050aeaeea0c2d5b907cffb142f2e58f\lwjgl-3.3.3-natives-windows-x86.jar to classpath.
[17:14:01] [main/DEBUG] (FabricLoader/Knot) Adding C:\Users\Bratu\.gradle\caches\modules-2\files-2.1\org.lz4\lz4-java\1.8.0\4b986a99445e49ea5fbf5d149c4b63f6ed6c6780\lz4-java-1.8.0.jar to classpath.
[17:14:01] [main/DEBUG] (FabricLoader/Knot) Adding C:\Users\Bratu\.gradle\caches\fabric-loom\minecraftMaven\net\minecraft\minecraft-clientonly\1.21.8-loom.mappings.1_21_8.layered+hash.2198-v2\minecraft-clientonly-1.21.8-loom.mappings.1_21_8.layered+hash.2198-v2.jar to classpath.
[17:14:01] [main/DEBUG] (FabricLoader/Knot) Adding C:\Users\Bratu\.gradle\caches\fabric-loom\minecraftMaven\net\minecraft\minecraft-common\1.21.8-loom.mappings.1_21_8.layered+hash.2198-v2\minecraft-common-1.21.8-loom.mappings.1_21_8.layered+hash.2198-v2.jar to classpath.
[17:14:01] [main/DEBUG] (FabricLoader/Knot) Adding C:\Users\Bratu\.gradle\caches\modules-2\files-2.1\io.netty\netty-transport-native-epoll\4.1.118.Final\7e6b89e3746acb7cf6f0aad993bbd058fc6d912e\netty-transport-native-epoll-4.1.118.Final-linux-x86_64.jar to classpath.
[17:14:01] [main/DEBUG] (FabricLoader/Knot) Adding C:\Users\Bratu\.gradle\caches\modules-2\files-2.1\io.netty\netty-transport-native-epoll\4.1.118.Final\82f94d0a9d837f6b6a580379373310ff7288c0f8\netty-transport-native-epoll-4.1.118.Final-linux-aarch_64.jar to classpath.
[17:14:01] [main/DEBUG] (FabricLoader/Knot) Adding C:\Users\Bratu\.gradle\caches\modules-2\files-2.1\org.jline\jline-reader\3.20.0\8f15415b022a25b473e8e16c28ae913186ffb9c4\jline-reader-3.20.0.jar to classpath.
[17:14:01] [main/DEBUG] (FabricLoader/Knot) Adding C:\Users\Bratu\.gradle\caches\modules-2\files-2.1\org.jline\jline-terminal\3.20.0\d0ddcc708ddf527a3454c941b7b9225cc83a15ff\jline-terminal-3.20.0.jar to classpath.
[17:14:01] [main/DEBUG] (FabricLoader/Knot) Adding C:\Users\Bratu\IdeaProjects\BFUFOIS\build\classes\java\main to classpath.
[17:14:01] [main/DEBUG] (FabricLoader/Knot) Adding C:\Users\Bratu\IdeaProjects\BFUFOIS\build\resources\main to classpath.
[17:14:01] [main/DEBUG] (FabricLoader/Entrypoint) No subscribers for entrypoint 'preLaunch'
[17:14:01] [main/DEBUG] (FabricLoader/Mixin) Preparing mixins for MixinEnvironment[DEFAULT]
[17:14:01] [main/DEBUG] (FabricLoader/Mixin) Selecting config mixinextras.init.mixins.json
[17:14:01] [main/DEBUG] (FabricLoader/MixinExtras|Service) com.llamalad7.mixinextras.service.MixinExtrasServiceImpl(version=0.4.1) is taking over from null
[17:14:01] [main/DEBUG] (FabricLoader/Mixin) Registering new injector for @Inject with org.spongepowered.asm.mixin.injection.struct.CallbackInjectionInfo
[17:14:01] [main/DEBUG] (FabricLoader/Mixin) Registering new injector for @ModifyArg with org.spongepowered.asm.mixin.injection.struct.ModifyArgInjectionInfo
[17:14:01] [main/DEBUG] (FabricLoader/Mixin) Registering new injector for @ModifyArgs with org.spongepowered.asm.mixin.injection.struct.ModifyArgsInjectionInfo
[17:14:01] [main/DEBUG] (FabricLoader/Mixin) Registering new injector for @Redirect with org.spongepowered.asm.mixin.injection.struct.RedirectInjectionInfo
[17:14:01] [main/DEBUG] (FabricLoader/Mixin) Registering new injector for @ModifyVariable with org.spongepowered.asm.mixin.injection.struct.ModifyVariableInjectionInfo
[17:14:01] [main/DEBUG] (FabricLoader/Mixin) Registering new injector for @ModifyConstant with org.spongepowered.asm.mixin.injection.struct.ModifyConstantInjectionInfo
[17:14:01] [main/DEBUG] (FabricLoader/Mixin) Selecting config bfufois.mixins.json
[17:14:01] [main/DEBUG] (FabricLoader/Mixin) Selecting config bfufois.client.mixins.json
[17:14:01] [main/DEBUG] (FabricLoader/Mixin) Preparing mixinextras.init.mixins.json (0)
[17:14:01] [main/DEBUG] (FabricLoader/Mixin) Preparing bfufois.mixins.json (0)
[17:14:01] [main/DEBUG] (FabricLoader/Mixin) Preparing bfufois.client.mixins.json (1)
[17:14:01] [main/DEBUG] (io.netty.util.internal.logging.InternalLoggerFactory) Using SLF4J as the default logging framework
[17:14:01] [main/DEBUG] (io.netty.util.ResourceLeakDetector) -Dio.netty.leakDetection.level: simple
[17:14:01] [main/DEBUG] (io.netty.util.ResourceLeakDetector) -Dio.netty.leakDetection.targetRecords: 4
[17:14:02] [Datafixer Bootstrap/INFO] (com.mojang.datafixers.DataFixerBuilder) 269 Datafixer optimizations took 525 milliseconds
[17:14:07] [Render thread/INFO] (FabricLoader/MixinExtras|Service) Initializing MixinExtras via com.llamalad7.mixinextras.service.MixinExtrasServiceImpl(version=0.4.1).
[17:14:07] [Render thread/DEBUG] (FabricLoader/Mixin) Registering new injector for @SugarWrapper with com.llamalad7.mixinextras.sugar.impl.SugarWrapperInjectionInfo
[17:14:07] [Render thread/DEBUG] (FabricLoader/Mixin) Registering new injector for @FactoryRedirectWrapper with com.llamalad7.mixinextras.wrapper.factory.FactoryRedirectWrapperInjectionInfo
[17:14:07] [Render thread/DEBUG] (FabricLoader/Mixin) Mixing EnforceUCodeFontMixin from bfufois.client.mixins.json into net.minecraft.client.Minecraft
[17:14:07] [Render thread/DEBUG] (FabricLoader/Mixin) bfufois.client.mixins.json:EnforceUCodeFontMixin from mod bfufois->@Inject::YesUnicodeIsEnforce(Lorg/spongepowered/asm/mixin/injection/callback/CallbackInfoReturnable;)V does use it's CallbackInfoReturnable
[17:14:08] [Render thread/INFO] (com.mojang.authlib.yggdrasil.YggdrasilAuthenticationService) Environment: Environment[sessionHost=https://sessionserver.mojang.com, servicesHost=https://api.minecraftservices.com, name=PROD]
[17:14:08] [Yggdrasil Key Fetcher/DEBUG] (com.mojang.authlib.minecraft.client.MinecraftClient) Connecting to https://api.minecraftservices.com/publickeys
[17:14:08] [Render thread/INFO] (net.minecraft.client.Minecraft) Setting user: Player264
[17:14:08] [Download-1/DEBUG] (com.mojang.authlib.minecraft.client.MinecraftClient) Connecting to https://sessionserver.mojang.com/session/minecraft/profile/72f1bdc64b0d3d9c9462229fd961a627?unsigned=false
[17:14:08] [Render thread/DEBUG] (FabricLoader/Entrypoint) Iterating over entrypoint 'main'
[17:14:08] [Render thread/DEBUG] (FabricLoader/Entrypoint) Iterating over entrypoint 'client'
[17:14:08] [Render thread/INFO] (BFUFOIS) BFUFOIS Initialized
[17:14:08] [Render thread/INFO] (net.minecraft.client.Minecraft) Backend library: LWJGL version 3.3.3-snapshot
[17:14:08] [Download-1/DEBUG] (com.mojang.authlib.yggdrasil.YggdrasilMinecraftSessionService) Couldn't fetch profile properties for 72f1bdc6-4b0d-3d9c-9462-229fd961a627 as the profile does not exist
[17:14:08] [Render thread/INFO] (net.minecraft.client.Minecraft) Using optional rendering extensions: GL_ARB_buffer_storage, GL_KHR_debug, GL_ARB_vertex_attrib_binding, GL_ARB_direct_state_access
[17:14:09] [Render thread/INFO] (net.minecraft.server.packs.resources.ReloadableResourceManager) Reloading ResourceManager: vanilla
[17:14:09] [Worker-Main-9/INFO] (net.minecraft.client.gui.font.providers.UnihexProvider) Found unifont_jp_patch-16.0.03.hex, loading
[17:14:09] [Worker-Main-10/INFO] (net.minecraft.client.gui.font.providers.UnihexProvider) Found unifont_pua-16.0.03.hex, loading
[17:14:09] [Worker-Main-5/INFO] (net.minecraft.client.gui.font.providers.UnihexProvider) Found unifont_all_no_pua-16.0.03.hex, loading
[17:14:09] [Render thread/DEBUG] (com.mojang.blaze3d.systems.RenderSystem) Growing IndexBuffer: Old limit 0, new limit 60.
[17:14:10] [Render thread/INFO] (com.mojang.blaze3d.audio.Library) OpenAL initialized on device OpenAL Soft on Динамики (High Definition Audio Device)
[17:14:10] [Render thread/INFO] (net.minecraft.client.sounds.SoundEngine) Sound engine started
[17:14:10] [Render thread/INFO] (net.minecraft.client.renderer.texture.TextureAtlas) Created: 1024x512x4 minecraft:textures/atlas/blocks.png-atlas
[17:14:10] [Render thread/INFO] (net.minecraft.client.renderer.texture.TextureAtlas) Created: 256x256x4 minecraft:textures/atlas/signs.png-atlas
[17:14:10] [Render thread/INFO] (net.minecraft.client.renderer.texture.TextureAtlas) Created: 512x512x4 minecraft:textures/atlas/banner_patterns.png-atlas
[17:14:10] [Render thread/INFO] (net.minecraft.client.renderer.texture.TextureAtlas) Created: 512x512x4 minecraft:textures/atlas/shield_patterns.png-atlas
[17:14:10] [Render thread/INFO] (net.minecraft.client.renderer.texture.TextureAtlas) Created: 2048x1024x4 minecraft:textures/atlas/armor_trims.png-atlas
[17:14:10] [Render thread/INFO] (net.minecraft.client.renderer.texture.TextureAtlas) Created: 256x256x4 minecraft:textures/atlas/chest.png-atlas
[17:14:10] [Render thread/INFO] (net.minecraft.client.renderer.texture.TextureAtlas) Created: 128x64x4 minecraft:textures/atlas/decorated_pot.png-atlas
[17:14:10] [Render thread/INFO] (net.minecraft.client.renderer.texture.TextureAtlas) Created: 512x256x4 minecraft:textures/atlas/shulker_boxes.png-atlas
[17:14:10] [Render thread/INFO] (net.minecraft.client.renderer.texture.TextureAtlas) Created: 512x256x4 minecraft:textures/atlas/beds.png-atlas
[17:14:10] [Render thread/INFO] (net.minecraft.client.renderer.texture.TextureAtlas) Created: 64x64x0 minecraft:textures/atlas/map_decorations.png-atlas
[17:14:10] [Render thread/INFO] (net.minecraft.client.renderer.texture.TextureAtlas) Created: 512x256x0 minecraft:textures/atlas/particles.png-atlas
[17:14:10] [Render thread/INFO] (net.minecraft.client.renderer.texture.TextureAtlas) Created: 512x256x0 minecraft:textures/atlas/paintings.png-atlas
[17:14:10] [Render thread/INFO] (net.minecraft.client.renderer.texture.TextureAtlas) Created: 1024x512x0 minecraft:textures/atlas/gui.png-atlas
[17:14:11] [Render thread/DEBUG] (com.mojang.blaze3d.systems.RenderSystem) Growing IndexBuffer: Old limit 60, new limit 180.
[17:14:12] [Render thread/DEBUG] (com.mojang.blaze3d.systems.RenderSystem) Growing IndexBuffer: Old limit 180, new limit 1536.
[17:14:13] [Render thread/INFO] (net.minecraft.client.Minecraft) Stopping!
