[17:14:00] [main/INFO] (FabricLoader/GameProvider) Loading Minecraft 1.21.8 with Fabric Loader 0.16.5
[17:14:00] [main/INFO] (FabricLoader) Loading 5 mods:
	- bfufois 1.0-1.21.8
	- fabricloader 0.16.5
	- java 21
	- minecraft 1.21.8
	- mixinextras 0.4.1
[17:14:00] [main/INFO] (FabricLoader/Mixin) SpongePowered MIXIN Subsystem Version=0.8.7 Source=file:/C:/Users/Bratu/.gradle/caches/modules-2/files-2.1/net.fabricmc/sponge-mixin/0.15.3+mixin.0.8.7/51ee0a44ab05f6fddd66b09e66b3a16904f9c55d/sponge-mixin-0.15.3+mixin.0.8.7.jar Service=Knot/Fabric Env=CLIENT
[17:14:01] [main/INFO] (FabricLoader/Mixin) Loaded Fabric development mappings for mixin remapper!
[17:14:01] [main/INFO] (FabricLoader/Mixin) Compatibility level set to JAVA_21
[17:14:02] [Datafixer Bootstrap/INFO] (Minecraft) 269 Datafixer optimizations took 525 milliseconds
[17:14:07] [Render thread/INFO] (FabricLoader/MixinExtras|Service) Initializing MixinExtras via com.llamalad7.mixinextras.service.MixinExtrasServiceImpl(version=0.4.1).
[17:14:08] [Render thread/INFO] (Minecraft) Environment: Environment[sessionHost=https://sessionserver.mojang.com, servicesHost=https://api.minecraftservices.com, name=PROD]
[17:14:08] [Render thread/INFO] (Minecraft) Setting user: Player264
[17:14:08] [Render thread/INFO] (BFUFOIS) BFUFOIS Initialized
[17:14:08] [Render thread/INFO] (Minecraft) Backend library: LWJGL version 3.3.3-snapshot
[17:14:08] [Render thread/INFO] (Minecraft) Using optional rendering extensions: GL_ARB_buffer_storage, GL_KHR_debug, GL_ARB_vertex_attrib_binding, GL_ARB_direct_state_access
[17:14:09] [Render thread/INFO] (Minecraft) Reloading ResourceManager: vanilla
[17:14:09] [Worker-Main-9/INFO] (Minecraft) Found unifont_jp_patch-16.0.03.hex, loading
[17:14:09] [Worker-Main-10/INFO] (Minecraft) Found unifont_pua-16.0.03.hex, loading
[17:14:09] [Worker-Main-5/INFO] (Minecraft) Found unifont_all_no_pua-16.0.03.hex, loading
[17:14:10] [Render thread/INFO] (Minecraft) OpenAL initialized on device OpenAL Soft on Динамики (High Definition Audio Device)
[17:14:10] [Render thread/INFO] (Minecraft) Sound engine started
[17:14:10] [Render thread/INFO] (Minecraft) Created: 1024x512x4 minecraft:textures/atlas/blocks.png-atlas
[17:14:10] [Render thread/INFO] (Minecraft) Created: 256x256x4 minecraft:textures/atlas/signs.png-atlas
[17:14:10] [Render thread/INFO] (Minecraft) Created: 512x512x4 minecraft:textures/atlas/banner_patterns.png-atlas
[17:14:10] [Render thread/INFO] (Minecraft) Created: 512x512x4 minecraft:textures/atlas/shield_patterns.png-atlas
[17:14:10] [Render thread/INFO] (Minecraft) Created: 2048x1024x4 minecraft:textures/atlas/armor_trims.png-atlas
[17:14:10] [Render thread/INFO] (Minecraft) Created: 256x256x4 minecraft:textures/atlas/chest.png-atlas
[17:14:10] [Render thread/INFO] (Minecraft) Created: 128x64x4 minecraft:textures/atlas/decorated_pot.png-atlas
[17:14:10] [Render thread/INFO] (Minecraft) Created: 512x256x4 minecraft:textures/atlas/shulker_boxes.png-atlas
[17:14:10] [Render thread/INFO] (Minecraft) Created: 512x256x4 minecraft:textures/atlas/beds.png-atlas
[17:14:10] [Render thread/INFO] (Minecraft) Created: 64x64x0 minecraft:textures/atlas/map_decorations.png-atlas
[17:14:10] [Render thread/INFO] (Minecraft) Created: 512x256x0 minecraft:textures/atlas/particles.png-atlas
[17:14:10] [Render thread/INFO] (Minecraft) Created: 512x256x0 minecraft:textures/atlas/paintings.png-atlas
[17:14:10] [Render thread/INFO] (Minecraft) Created: 1024x512x0 minecraft:textures/atlas/gui.png-atlas
[17:14:13] [Render thread/INFO] (Minecraft) Stopping!
